Flow report for Phase_2
Mon Apr 14 17:54:13 2025
Quartus Prime Version 21.1.1 Build 850 06/23/2022 SJ Lite Edition


---------------------
; Table of Contents ;
---------------------
  1. Legal Notice
  2. Flow Summary
  3. Flow Settings
  4. Flow Non-Default Global Settings
  5. Flow Elapsed Time
  6. Flow OS Summary
  7. Flow Log
  8. Flow Messages
  9. Flow Suppressed Messages



----------------
; Legal Notice ;
----------------
Copyright (C) 2022  Intel Corporation. All rights reserved.
Your use of Intel Corporation's design tools, logic functions 
and other software and tools, and any partner logic 
functions, and any output files from any of the foregoing 
(including device programming or simulation files), and any 
associated documentation or information are expressly subject 
to the terms and conditions of the Intel Program License 
Subscription Agreement, the Intel Quartus Prime License Agreement,
the Intel FPGA IP License Agreement, or other applicable license
agreement, including, without limitation, that your use is for
the sole purpose of programming logic devices manufactured by
Intel and sold by Intel or its authorized distributors.  Please
refer to the applicable agreement for further details, at
https://fpgasoftware.intel.com/eula.



+----------------------------------------------------------------------------------+
; Flow Summary                                                                     ;
+------------------------------------+---------------------------------------------+
; Flow Status                        ; Successful - Mon Apr 14 17:54:13 2025       ;
; Quartus Prime Version              ; 21.1.1 Build 850 06/23/2022 SJ Lite Edition ;
; Revision Name                      ; Phase_2                                     ;
; Top-level Entity Name              ; de10_lite_top                               ;
; Family                             ; MAX 10                                      ;
; Device                             ; 10M50DAF484C7G                              ;
; Timing Models                      ; Final                                       ;
; Total logic elements               ; 585 / 49,760 ( 1 % )                        ;
;     Total combinational functions  ; 509 / 49,760 ( 1 % )                        ;
;     Dedicated logic registers      ; 262 / 49,760 ( < 1 % )                      ;
; Total registers                    ; 262                                         ;
; Total pins                         ; 65 / 360 ( 18 % )                           ;
; Total virtual pins                 ; 0                                           ;
; Total memory bits                  ; 5,888 / 1,677,312 ( < 1 % )                 ;
; Embedded Multiplier 9-bit elements ; 0 / 288 ( 0 % )                             ;
; Total PLLs                         ; 0 / 4 ( 0 % )                               ;
; UFM blocks                         ; 0 / 1 ( 0 % )                               ;
; ADC blocks                         ; 0 / 2 ( 0 % )                               ;
+------------------------------------+---------------------------------------------+


+-----------------------------------------+
; Flow Settings                           ;
+-------------------+---------------------+
; Option            ; Setting             ;
+-------------------+---------------------+
; Start date & time ; 04/14/2025 17:53:32 ;
; Main task         ; Compilation         ;
; Revision Name     ; Phase_2             ;
+-------------------+---------------------+


+-------------------------------------------------------------------------------------------------------------------------------------------------------------------------------------------------------------------------------------------------+
; Flow Non-Default Global Settings                                                                                                                                                                                                                ;
+--------------------------------------+--------------------------------------------------------------------------------------------------------------------------------------+---------------+---------------+-----------------------------------+
; Assignment Name                      ; Value                                                                                                                                ; Default Value ; Entity Name   ; Section Id                        ;
+--------------------------------------+--------------------------------------------------------------------------------------------------------------------------------------+---------------+---------------+-----------------------------------+
; COMPILER_SIGNATURE_ID                ; 1096792605330.174467121211424                                                                                                        ; --            ; --            ; --                                ;
; EDA_DESIGN_INSTANCE_NAME             ; NA                                                                                                                                   ; --            ; --            ; phase_2_tb                        ;
; EDA_ENABLE_GLITCH_FILTERING          ; On                                                                                                                                   ; --            ; --            ; eda_simulation                    ;
; EDA_GENERATE_FUNCTIONAL_NETLIST      ; Off                                                                                                                                  ; --            ; --            ; eda_board_design_timing           ;
; EDA_GENERATE_FUNCTIONAL_NETLIST      ; Off                                                                                                                                  ; --            ; --            ; eda_board_design_boundary_scan    ;
; EDA_GENERATE_FUNCTIONAL_NETLIST      ; Off                                                                                                                                  ; --            ; --            ; eda_board_design_signal_integrity ;
; EDA_GENERATE_FUNCTIONAL_NETLIST      ; Off                                                                                                                                  ; --            ; --            ; eda_board_design_symbol           ;
; EDA_MAP_ILLEGAL_CHARACTERS           ; On                                                                                                                                   ; --            ; --            ; eda_simulation                    ;
; EDA_NATIVELINK_SIMULATION_TEST_BENCH ; phase_2_tb                                                                                                                           ; --            ; --            ; eda_simulation                    ;
; EDA_NETLIST_WRITER_OUTPUT_DIR        ; F:/Tennesse_Tech_Course_Materials/ECE_4120_Fundamentals_Computer_Design/Projects/From_Matthew/Phase_2_0411_new/Phase_2_0411/ModelSim ; --            ; --            ; eda_simulation                    ;
; EDA_OUTPUT_DATA_FORMAT               ; Vhdl                                                                                                                                 ; --            ; --            ; eda_simulation                    ;
; EDA_RUN_TOOL_AUTOMATICALLY           ; On                                                                                                                                   ; --            ; --            ; eda_simulation                    ;
; EDA_SIMULATION_TOOL                  ; ModelSim (VHDL)                                                                                                                      ; <None>        ; --            ; --                                ;
; EDA_TEST_BENCH_DESIGN_INSTANCE_NAME  ; phase_2_tb                                                                                                                           ; --            ; --            ; eda_simulation                    ;
; EDA_TEST_BENCH_ENABLE_STATUS         ; TEST_BENCH_MODE                                                                                                                      ; --            ; --            ; eda_simulation                    ;
; EDA_TEST_BENCH_FILE                  ; phase_2_tb.vhd                                                                                                                       ; --            ; --            ; phase_2_tb                        ;
; EDA_TEST_BENCH_MODULE_NAME           ; phase_2                                                                                                                              ; --            ; --            ; phase_2_tb                        ;
; EDA_TEST_BENCH_NAME                  ; phase_2_tb                                                                                                                           ; --            ; --            ; eda_simulation                    ;
; EDA_WRITE_NODES_FOR_POWER_ESTIMATION ; ALL_NODES                                                                                                                            ; --            ; --            ; eda_simulation                    ;
; MAX_CORE_JUNCTION_TEMP               ; 85                                                                                                                                   ; --            ; --            ; --                                ;
; MIN_CORE_JUNCTION_TEMP               ; 0                                                                                                                                    ; --            ; --            ; --                                ;
; MISC_FILE                            ; memory_1_inst.vhd                                                                                                                    ; --            ; --            ; --                                ;
; MISC_FILE                            ; memory_1.cmp                                                                                                                         ; --            ; --            ; --                                ;
; PARTITION_COLOR                      ; -- (Not supported for targeted family)                                                                                               ; --            ; de10_lite_top ; Top                               ;
; PARTITION_FITTER_PRESERVATION_LEVEL  ; -- (Not supported for targeted family)                                                                                               ; --            ; de10_lite_top ; Top                               ;
; PARTITION_NETLIST_TYPE               ; -- (Not supported for targeted family)                                                                                               ; --            ; de10_lite_top ; Top                               ;
; POWER_BOARD_THERMAL_MODEL            ; None (CONSERVATIVE)                                                                                                                  ; --            ; --            ; --                                ;
; POWER_PRESET_COOLING_SOLUTION        ; 23 MM HEAT SINK WITH 200 LFPM AIRFLOW                                                                                                ; --            ; --            ; --                                ;
; TOP_LEVEL_ENTITY                     ; de10_lite_top                                                                                                                        ; Phase_2       ; --            ; --                                ;
+--------------------------------------+--------------------------------------------------------------------------------------------------------------------------------------+---------------+---------------+-----------------------------------+


+--------------------------------------------------------------------------------------------------------------------------+
; Flow Elapsed Time                                                                                                        ;
+----------------------+--------------+-------------------------+---------------------+------------------------------------+
; Module Name          ; Elapsed Time ; Average Processors Used ; Peak Virtual Memory ; Total CPU Time (on all processors) ;
+----------------------+--------------+-------------------------+---------------------+------------------------------------+
; Analysis & Synthesis ; 00:00:13     ; 1.0                     ; 4877 MB             ; 00:00:05                           ;
; Fitter               ; 00:00:17     ; 1.5                     ; 6088 MB             ; 00:00:14                           ;
; Assembler            ; 00:00:03     ; 1.0                     ; 4733 MB             ; 00:00:01                           ;
; Timing Analyzer      ; 00:00:03     ; 1.6                     ; 4923 MB             ; 00:00:01                           ;
; EDA Netlist Writer   ; 00:00:01     ; 1.0                     ; 4665 MB             ; 00:00:00                           ;
; Total                ; 00:00:37     ; --                      ; --                  ; 00:00:21                           ;
+----------------------+--------------+-------------------------+---------------------+------------------------------------+


+------------------------------------------------------------------------------------+
; Flow OS Summary                                                                    ;
+----------------------+------------------+------------+------------+----------------+
; Module Name          ; Machine Hostname ; OS Name    ; OS Version ; Processor type ;
+----------------------+------------------+------------+------------+----------------+
; Analysis & Synthesis ; Bates_s_I7_HP    ; Windows 10 ; 10.0       ; x86_64         ;
; Fitter               ; Bates_s_I7_HP    ; Windows 10 ; 10.0       ; x86_64         ;
; Assembler            ; Bates_s_I7_HP    ; Windows 10 ; 10.0       ; x86_64         ;
; Timing Analyzer      ; Bates_s_I7_HP    ; Windows 10 ; 10.0       ; x86_64         ;
; EDA Netlist Writer   ; Bates_s_I7_HP    ; Windows 10 ; 10.0       ; x86_64         ;
+----------------------+------------------+------------+------------+----------------+


------------
; Flow Log ;
------------
quartus_map --read_settings_files=on --write_settings_files=off Phase_2 -c Phase_2
quartus_fit --read_settings_files=off --write_settings_files=off Phase_2 -c Phase_2
quartus_asm --read_settings_files=off --write_settings_files=off Phase_2 -c Phase_2
quartus_sta Phase_2 -c Phase_2
quartus_eda --read_settings_files=off --write_settings_files=off Phase_2 -c Phase_2



