Analysis & Synthesis report for Phase_1
Fri Mar 14 08:12:55 2025
Quartus Prime Version 21.1.1 Build 850 06/23/2022 SJ Lite Edition


---------------------
; Table of Contents ;
---------------------
  1. Legal Notice
  2. Analysis & Synthesis Summary
  3. Analysis & Synthesis Settings
  4. Parallel Compilation
  5. Analysis & Synthesis Source Files Read
  6. Analysis & Synthesis Resource Usage Summary
  7. Analysis & Synthesis Resource Utilization by Entity
  8. Analysis & Synthesis RAM Summary
  9. Analysis & Synthesis IP Cores Summary
 10. Registers Removed During Synthesis
 11. General Register Statistics
 12. Source assignments for memory_1:mem_inst|altsyncram:altsyncram_component|altsyncram_eko3:auto_generated
 13. Parameter Settings for User Entity Instance: memory_1:mem_inst|altsyncram:altsyncram_component
 14. altsyncram Parameter Settings by Entity Instance
 15. Port Connectivity Checks: "alu:alu_inst"
 16. Post-Synthesis Netlist Statistics for Top Partition
 17. Elapsed Time Per Partition
 18. Analysis & Synthesis Messages



----------------
; Legal Notice ;
----------------
Copyright (C) 2022  Intel Corporation. All rights reserved.
Your use of Intel Corporation's design tools, logic functions 
and other software and tools, and any partner logic 
functions, and any output files from any of the foregoing 
(including device programming or simulation files), and any 
associated documentation or information are expressly subject 
to the terms and conditions of the Intel Program License 
Subscription Agreement, the Intel Quartus Prime License Agreement,
the Intel FPGA IP License Agreement, or other applicable license
agreement, including, without limitation, that your use is for
the sole purpose of programming logic devices manufactured by
Intel and sold by Intel or its authorized distributors.  Please
refer to the applicable agreement for further details, at
https://fpgasoftware.intel.com/eula.



+----------------------------------------------------------------------------------+
; Analysis & Synthesis Summary                                                     ;
+------------------------------------+---------------------------------------------+
; Analysis & Synthesis Status        ; Successful - Fri Mar 14 08:12:55 2025       ;
; Quartus Prime Version              ; 21.1.1 Build 850 06/23/2022 SJ Lite Edition ;
; Revision Name                      ; Phase_1                                     ;
; Top-level Entity Name              ; Phase_1                                     ;
; Family                             ; MAX 10                                      ;
; Total logic elements               ; 31                                          ;
;     Total combinational functions  ; 31                                          ;
;     Dedicated logic registers      ; 30                                          ;
; Total registers                    ; 30                                          ;
; Total pins                         ; 163                                         ;
; Total virtual pins                 ; 0                                           ;
; Total memory bits                  ; 8,192                                       ;
; Embedded Multiplier 9-bit elements ; 0                                           ;
; Total PLLs                         ; 0                                           ;
; UFM blocks                         ; 0                                           ;
; ADC blocks                         ; 0                                           ;
+------------------------------------+---------------------------------------------+


+------------------------------------------------------------------------------------------------------------+
; Analysis & Synthesis Settings                                                                              ;
+------------------------------------------------------------------+--------------------+--------------------+
; Option                                                           ; Setting            ; Default Value      ;
+------------------------------------------------------------------+--------------------+--------------------+
; Device                                                           ; 10M50DAF484C7G     ;                    ;
; Top-level entity name                                            ; Phase_1            ; Phase_1            ;
; Family name                                                      ; MAX 10             ; Cyclone V          ;
; Use smart compilation                                            ; Off                ; Off                ;
; Enable parallel Assembler and Timing Analyzer during compilation ; On                 ; On                 ;
; Enable compact report table                                      ; Off                ; Off                ;
; Restructure Multiplexers                                         ; Auto               ; Auto               ;
; Create Debugging Nodes for IP Cores                              ; Off                ; Off                ;
; Preserve fewer node names                                        ; On                 ; On                 ;
; Intel FPGA IP Evaluation Mode                                    ; Enable             ; Enable             ;
; Verilog Version                                                  ; Verilog_2001       ; Verilog_2001       ;
; VHDL Version                                                     ; VHDL_1993          ; VHDL_1993          ;
; State Machine Processing                                         ; Auto               ; Auto               ;
; Safe State Machine                                               ; Off                ; Off                ;
; Extract Verilog State Machines                                   ; On                 ; On                 ;
; Extract VHDL State Machines                                      ; On                 ; On                 ;
; Ignore Verilog initial constructs                                ; Off                ; Off                ;
; Iteration limit for constant Verilog loops                       ; 5000               ; 5000               ;
; Iteration limit for non-constant Verilog loops                   ; 250                ; 250                ;
; Add Pass-Through Logic to Inferred RAMs                          ; On                 ; On                 ;
; Infer RAMs from Raw Logic                                        ; On                 ; On                 ;
; Parallel Synthesis                                               ; On                 ; On                 ;
; DSP Block Balancing                                              ; Auto               ; Auto               ;
; NOT Gate Push-Back                                               ; On                 ; On                 ;
; Power-Up Don't Care                                              ; On                 ; On                 ;
; Remove Redundant Logic Cells                                     ; Off                ; Off                ;
; Remove Duplicate Registers                                       ; On                 ; On                 ;
; Ignore CARRY Buffers                                             ; Off                ; Off                ;
; Ignore CASCADE Buffers                                           ; Off                ; Off                ;
; Ignore GLOBAL Buffers                                            ; Off                ; Off                ;
; Ignore ROW GLOBAL Buffers                                        ; Off                ; Off                ;
; Ignore LCELL Buffers                                             ; Off                ; Off                ;
; Ignore SOFT Buffers                                              ; On                 ; On                 ;
; Limit AHDL Integers to 32 Bits                                   ; Off                ; Off                ;
; Optimization Technique                                           ; Balanced           ; Balanced           ;
; Carry Chain Length                                               ; 70                 ; 70                 ;
; Auto Carry Chains                                                ; On                 ; On                 ;
; Auto Open-Drain Pins                                             ; On                 ; On                 ;
; Perform WYSIWYG Primitive Resynthesis                            ; Off                ; Off                ;
; Auto ROM Replacement                                             ; On                 ; On                 ;
; Auto RAM Replacement                                             ; On                 ; On                 ;
; Auto DSP Block Replacement                                       ; On                 ; On                 ;
; Auto Shift Register Replacement                                  ; Auto               ; Auto               ;
; Allow Shift Register Merging across Hierarchies                  ; Auto               ; Auto               ;
; Auto Clock Enable Replacement                                    ; On                 ; On                 ;
; Strict RAM Replacement                                           ; Off                ; Off                ;
; Allow Synchronous Control Signals                                ; On                 ; On                 ;
; Force Use of Synchronous Clear Signals                           ; Off                ; Off                ;
; Auto RAM Block Balancing                                         ; On                 ; On                 ;
; Auto RAM to Logic Cell Conversion                                ; Off                ; Off                ;
; Auto Resource Sharing                                            ; Off                ; Off                ;
; Allow Any RAM Size For Recognition                               ; Off                ; Off                ;
; Allow Any ROM Size For Recognition                               ; Off                ; Off                ;
; Allow Any Shift Register Size For Recognition                    ; Off                ; Off                ;
; Use LogicLock Constraints during Resource Balancing              ; On                 ; On                 ;
; Ignore translate_off and synthesis_off directives                ; Off                ; Off                ;
; Timing-Driven Synthesis                                          ; On                 ; On                 ;
; Report Parameter Settings                                        ; On                 ; On                 ;
; Report Source Assignments                                        ; On                 ; On                 ;
; Report Connectivity Checks                                       ; On                 ; On                 ;
; Ignore Maximum Fan-Out Assignments                               ; Off                ; Off                ;
; Synchronization Register Chain Length                            ; 2                  ; 2                  ;
; Power Optimization During Synthesis                              ; Normal compilation ; Normal compilation ;
; HDL message level                                                ; Level2             ; Level2             ;
; Suppress Register Optimization Related Messages                  ; Off                ; Off                ;
; Number of Removed Registers Reported in Synthesis Report         ; 5000               ; 5000               ;
; Number of Swept Nodes Reported in Synthesis Report               ; 5000               ; 5000               ;
; Number of Inverted Registers Reported in Synthesis Report        ; 100                ; 100                ;
; Clock MUX Protection                                             ; On                 ; On                 ;
; Auto Gated Clock Conversion                                      ; Off                ; Off                ;
; Block Design Naming                                              ; Auto               ; Auto               ;
; SDC constraint protection                                        ; Off                ; Off                ;
; Synthesis Effort                                                 ; Auto               ; Auto               ;
; Shift Register Replacement - Allow Asynchronous Clear Signal     ; On                 ; On                 ;
; Pre-Mapping Resynthesis Optimization                             ; Off                ; Off                ;
; Analysis & Synthesis Message Level                               ; Medium             ; Medium             ;
; Disable Register Merging Across Hierarchies                      ; Auto               ; Auto               ;
; Resource Aware Inference For Block RAM                           ; On                 ; On                 ;
+------------------------------------------------------------------+--------------------+--------------------+


+------------------------------------------+
; Parallel Compilation                     ;
+----------------------------+-------------+
; Processors                 ; Number      ;
+----------------------------+-------------+
; Number detected on machine ; 12          ;
; Maximum allowed            ; 10          ;
;                            ;             ;
; Average used               ; 1.00        ;
; Maximum used               ; 10          ;
;                            ;             ;
; Usage by Processor         ; % Time Used ;
;     Processor 1            ; 100.0%      ;
;     Processors 2-10        ;   0.0%      ;
+----------------------------+-------------+


+---------------------------------------------------------------------------------------------------------------------------------------------------------------------------------------------------------------+
; Analysis & Synthesis Source Files Read                                                                                                                                                                        ;
+----------------------------------+-----------------+------------------------------+-----------------------------------------------------------------------------------------------------------------+---------+
; File Name with User-Entered Path ; Used in Netlist ; File Type                    ; File Name with Absolute Path                                                                                    ; Library ;
+----------------------------------+-----------------+------------------------------+-----------------------------------------------------------------------------------------------------------------+---------+
; ALU.vhd                          ; yes             ; User VHDL File               ; F:/Tennesse_Tech_Course_Materials/ECE_4120_Fundamentals_Computer_Design/Projects/Phase_1/ALU.vhd                ;         ;
; Phase_1.vhd                      ; yes             ; User VHDL File               ; F:/Tennesse_Tech_Course_Materials/ECE_4120_Fundamentals_Computer_Design/Projects/Phase_1/Phase_1.vhd            ;         ;
; PC.vhd                           ; yes             ; User VHDL File               ; F:/Tennesse_Tech_Course_Materials/ECE_4120_Fundamentals_Computer_Design/Projects/Phase_1/PC.vhd                 ;         ;
; memory_1.vhd                     ; yes             ; User Wizard-Generated File   ; F:/Tennesse_Tech_Course_Materials/ECE_4120_Fundamentals_Computer_Design/Projects/Phase_1/memory_1.vhd           ;         ;
; altsyncram.tdf                   ; yes             ; Megafunction                 ; c:/intelfpga_lite/21.1/quartus/libraries/megafunctions/altsyncram.tdf                                           ;         ;
; stratix_ram_block.inc            ; yes             ; Megafunction                 ; c:/intelfpga_lite/21.1/quartus/libraries/megafunctions/stratix_ram_block.inc                                    ;         ;
; lpm_mux.inc                      ; yes             ; Megafunction                 ; c:/intelfpga_lite/21.1/quartus/libraries/megafunctions/lpm_mux.inc                                              ;         ;
; lpm_decode.inc                   ; yes             ; Megafunction                 ; c:/intelfpga_lite/21.1/quartus/libraries/megafunctions/lpm_decode.inc                                           ;         ;
; aglobal211.inc                   ; yes             ; Megafunction                 ; c:/intelfpga_lite/21.1/quartus/libraries/megafunctions/aglobal211.inc                                           ;         ;
; a_rdenreg.inc                    ; yes             ; Megafunction                 ; c:/intelfpga_lite/21.1/quartus/libraries/megafunctions/a_rdenreg.inc                                            ;         ;
; altrom.inc                       ; yes             ; Megafunction                 ; c:/intelfpga_lite/21.1/quartus/libraries/megafunctions/altrom.inc                                               ;         ;
; altram.inc                       ; yes             ; Megafunction                 ; c:/intelfpga_lite/21.1/quartus/libraries/megafunctions/altram.inc                                               ;         ;
; altdpram.inc                     ; yes             ; Megafunction                 ; c:/intelfpga_lite/21.1/quartus/libraries/megafunctions/altdpram.inc                                             ;         ;
; db/altsyncram_eko3.tdf           ; yes             ; Auto-Generated Megafunction  ; F:/Tennesse_Tech_Course_Materials/ECE_4120_Fundamentals_Computer_Design/Projects/Phase_1/db/altsyncram_eko3.tdf ;         ;
+----------------------------------+-----------------+------------------------------+-----------------------------------------------------------------------------------------------------------------+---------+


+-----------------------------------------------------------+
; Analysis & Synthesis Resource Usage Summary               ;
+---------------------------------------------+-------------+
; Resource                                    ; Usage       ;
+---------------------------------------------+-------------+
; Estimated Total logic elements              ; 31          ;
;                                             ;             ;
; Total combinational functions               ; 31          ;
; Logic element usage by number of LUT inputs ;             ;
;     -- 4 input functions                    ; 0           ;
;     -- 3 input functions                    ; 0           ;
;     -- <=2 input functions                  ; 31          ;
;                                             ;             ;
; Logic elements by mode                      ;             ;
;     -- normal mode                          ; 2           ;
;     -- arithmetic mode                      ; 29          ;
;                                             ;             ;
; Total registers                             ; 30          ;
;     -- Dedicated logic registers            ; 30          ;
;     -- I/O registers                        ; 0           ;
;                                             ;             ;
; I/O pins                                    ; 163         ;
; Total memory bits                           ; 8192        ;
;                                             ;             ;
; Embedded Multiplier 9-bit elements          ; 0           ;
;                                             ;             ;
; Maximum fan-out node                        ; clock~input ;
; Maximum fan-out                             ; 62          ;
; Total fan-out                               ; 724         ;
; Average fan-out                             ; 1.73        ;
+---------------------------------------------+-------------+


+-----------------------------------------------------------------------------------------------------------------------------------------------------------------------------------------------------------------------------------------------------------------------------------------------------------------------------+
; Analysis & Synthesis Resource Utilization by Entity                                                                                                                                                                                                                                                                         ;
+-------------------------------------------+---------------------+---------------------------+-------------+------------+--------------+---------+-----------+------+--------------+------------+-------------------------------------------------------------------------------------------+-----------------+--------------+
; Compilation Hierarchy Node                ; Combinational ALUTs ; Dedicated Logic Registers ; Memory Bits ; UFM Blocks ; DSP Elements ; DSP 9x9 ; DSP 18x18 ; Pins ; Virtual Pins ; ADC blocks ; Full Hierarchy Name                                                                       ; Entity Name     ; Library Name ;
+-------------------------------------------+---------------------+---------------------------+-------------+------------+--------------+---------+-----------+------+--------------+------------+-------------------------------------------------------------------------------------------+-----------------+--------------+
; |Phase_1                                  ; 31 (1)              ; 30 (0)                    ; 8192        ; 0          ; 0            ; 0       ; 0         ; 163  ; 0            ; 0          ; |Phase_1                                                                                  ; Phase_1         ; work         ;
;    |PC:pc_inst|                           ; 0 (0)               ; 30 (30)                   ; 0           ; 0          ; 0            ; 0       ; 0         ; 0    ; 0            ; 0          ; |Phase_1|PC:pc_inst                                                                       ; PC              ; work         ;
;    |alu:alu_inst|                         ; 30 (30)             ; 0 (0)                     ; 0           ; 0          ; 0            ; 0       ; 0         ; 0    ; 0            ; 0          ; |Phase_1|alu:alu_inst                                                                     ; alu             ; work         ;
;    |memory_1:mem_inst|                    ; 0 (0)               ; 0 (0)                     ; 8192        ; 0          ; 0            ; 0       ; 0         ; 0    ; 0            ; 0          ; |Phase_1|memory_1:mem_inst                                                                ; memory_1        ; work         ;
;       |altsyncram:altsyncram_component|   ; 0 (0)               ; 0 (0)                     ; 8192        ; 0          ; 0            ; 0       ; 0         ; 0    ; 0            ; 0          ; |Phase_1|memory_1:mem_inst|altsyncram:altsyncram_component                                ; altsyncram      ; work         ;
;          |altsyncram_eko3:auto_generated| ; 0 (0)               ; 0 (0)                     ; 8192        ; 0          ; 0            ; 0       ; 0         ; 0    ; 0            ; 0          ; |Phase_1|memory_1:mem_inst|altsyncram:altsyncram_component|altsyncram_eko3:auto_generated ; altsyncram_eko3 ; work         ;
+-------------------------------------------+---------------------+---------------------------+-------------+------------+--------------+---------+-----------+------+--------------+------------+-------------------------------------------------------------------------------------------+-----------------+--------------+
Note: For table entries with two numbers listed, the numbers in parentheses indicate the number of resources of the given type used by the specific entity alone. The numbers listed outside of parentheses indicate the total resources of the given type used by the specific entity and all of its sub-entities in the hierarchy.


+--------------------------------------------------------------------------------------------------------------------------------------------------------------------------------------------+
; Analysis & Synthesis RAM Summary                                                                                                                                                           ;
+---------------------------------------------------------------------------------------------+------+-------------+--------------+--------------+--------------+--------------+------+------+
; Name                                                                                        ; Type ; Mode        ; Port A Depth ; Port A Width ; Port B Depth ; Port B Width ; Size ; MIF  ;
+---------------------------------------------------------------------------------------------+------+-------------+--------------+--------------+--------------+--------------+------+------+
; memory_1:mem_inst|altsyncram:altsyncram_component|altsyncram_eko3:auto_generated|ALTSYNCRAM ; AUTO ; Single Port ; 256          ; 32           ; --           ; --           ; 8192 ; None ;
+---------------------------------------------------------------------------------------------+------+-------------+--------------+--------------+--------------+--------------+------+------+


+--------------------------------------------------------------------------------------------------------------+
; Analysis & Synthesis IP Cores Summary                                                                        ;
+--------+--------------+---------+--------------+--------------+----------------------------+-----------------+
; Vendor ; IP Core Name ; Version ; Release Date ; License Type ; Entity Instance            ; IP Include File ;
+--------+--------------+---------+--------------+--------------+----------------------------+-----------------+
; Altera ; RAM: 1-PORT  ; 23.1    ; N/A          ; N/A          ; |Phase_1|memory_1:mem_inst ; memory_1.vhd    ;
+--------+--------------+---------+--------------+--------------+----------------------------+-----------------+


+--------------------------------------------------------------------------------+
; Registers Removed During Synthesis                                             ;
+---------------------------------------+----------------------------------------+
; Register name                         ; Reason for Removal                     ;
+---------------------------------------+----------------------------------------+
; PC:pc_inst|reg_data[0]                ; Merged with PC:pc_inst|reg_data[1]     ;
; PC:pc_inst|reg_data[1]                ; Stuck at GND due to stuck port data_in ;
; Total Number of Removed Registers = 2 ;                                        ;
+---------------------------------------+----------------------------------------+


+------------------------------------------------------+
; General Register Statistics                          ;
+----------------------------------------------+-------+
; Statistic                                    ; Value ;
+----------------------------------------------+-------+
; Total registers                              ; 30    ;
; Number of registers using Synchronous Clear  ; 0     ;
; Number of registers using Synchronous Load   ; 0     ;
; Number of registers using Asynchronous Clear ; 30    ;
; Number of registers using Asynchronous Load  ; 0     ;
; Number of registers using Clock Enable       ; 0     ;
; Number of registers using Preset             ; 0     ;
+----------------------------------------------+-------+


+---------------------------------------------------------------------------------------------------------+
; Source assignments for memory_1:mem_inst|altsyncram:altsyncram_component|altsyncram_eko3:auto_generated ;
+---------------------------------+--------------------+------+-------------------------------------------+
; Assignment                      ; Value              ; From ; To                                        ;
+---------------------------------+--------------------+------+-------------------------------------------+
; OPTIMIZE_POWER_DURING_SYNTHESIS ; NORMAL_COMPILATION ; -    ; -                                         ;
+---------------------------------+--------------------+------+-------------------------------------------+


+------------------------------------------------------------------------------------------------+
; Parameter Settings for User Entity Instance: memory_1:mem_inst|altsyncram:altsyncram_component ;
+------------------------------------+----------------------+------------------------------------+
; Parameter Name                     ; Value                ; Type                               ;
+------------------------------------+----------------------+------------------------------------+
; BYTE_SIZE_BLOCK                    ; 8                    ; Untyped                            ;
; AUTO_CARRY_CHAINS                  ; ON                   ; AUTO_CARRY                         ;
; IGNORE_CARRY_BUFFERS               ; OFF                  ; IGNORE_CARRY                       ;
; AUTO_CASCADE_CHAINS                ; ON                   ; AUTO_CASCADE                       ;
; IGNORE_CASCADE_BUFFERS             ; OFF                  ; IGNORE_CASCADE                     ;
; WIDTH_BYTEENA                      ; 1                    ; Untyped                            ;
; OPERATION_MODE                     ; SINGLE_PORT          ; Untyped                            ;
; WIDTH_A                            ; 32                   ; Signed Integer                     ;
; WIDTHAD_A                          ; 8                    ; Signed Integer                     ;
; NUMWORDS_A                         ; 256                  ; Signed Integer                     ;
; OUTDATA_REG_A                      ; CLOCK0               ; Untyped                            ;
; ADDRESS_ACLR_A                     ; NONE                 ; Untyped                            ;
; OUTDATA_ACLR_A                     ; NONE                 ; Untyped                            ;
; WRCONTROL_ACLR_A                   ; NONE                 ; Untyped                            ;
; INDATA_ACLR_A                      ; NONE                 ; Untyped                            ;
; BYTEENA_ACLR_A                     ; NONE                 ; Untyped                            ;
; WIDTH_B                            ; 1                    ; Signed Integer                     ;
; WIDTHAD_B                          ; 1                    ; Signed Integer                     ;
; NUMWORDS_B                         ; 0                    ; Signed Integer                     ;
; INDATA_REG_B                       ; CLOCK1               ; Untyped                            ;
; WRCONTROL_WRADDRESS_REG_B          ; CLOCK1               ; Untyped                            ;
; RDCONTROL_REG_B                    ; CLOCK1               ; Untyped                            ;
; ADDRESS_REG_B                      ; CLOCK1               ; Untyped                            ;
; OUTDATA_REG_B                      ; UNREGISTERED         ; Untyped                            ;
; BYTEENA_REG_B                      ; CLOCK1               ; Untyped                            ;
; INDATA_ACLR_B                      ; NONE                 ; Untyped                            ;
; WRCONTROL_ACLR_B                   ; NONE                 ; Untyped                            ;
; ADDRESS_ACLR_B                     ; NONE                 ; Untyped                            ;
; OUTDATA_ACLR_B                     ; NONE                 ; Untyped                            ;
; RDCONTROL_ACLR_B                   ; NONE                 ; Untyped                            ;
; BYTEENA_ACLR_B                     ; NONE                 ; Untyped                            ;
; WIDTH_BYTEENA_A                    ; 1                    ; Signed Integer                     ;
; WIDTH_BYTEENA_B                    ; 1                    ; Signed Integer                     ;
; RAM_BLOCK_TYPE                     ; AUTO                 ; Untyped                            ;
; BYTE_SIZE                          ; 8                    ; Signed Integer                     ;
; READ_DURING_WRITE_MODE_MIXED_PORTS ; DONT_CARE            ; Untyped                            ;
; READ_DURING_WRITE_MODE_PORT_A      ; NEW_DATA_NO_NBE_READ ; Untyped                            ;
; READ_DURING_WRITE_MODE_PORT_B      ; NEW_DATA_NO_NBE_READ ; Untyped                            ;
; INIT_FILE                          ; UNUSED               ; Untyped                            ;
; INIT_FILE_LAYOUT                   ; PORT_A               ; Untyped                            ;
; MAXIMUM_DEPTH                      ; 0                    ; Signed Integer                     ;
; CLOCK_ENABLE_INPUT_A               ; BYPASS               ; Untyped                            ;
; CLOCK_ENABLE_INPUT_B               ; NORMAL               ; Untyped                            ;
; CLOCK_ENABLE_OUTPUT_A              ; BYPASS               ; Untyped                            ;
; CLOCK_ENABLE_OUTPUT_B              ; NORMAL               ; Untyped                            ;
; CLOCK_ENABLE_CORE_A                ; USE_INPUT_CLKEN      ; Untyped                            ;
; CLOCK_ENABLE_CORE_B                ; USE_INPUT_CLKEN      ; Untyped                            ;
; ENABLE_ECC                         ; FALSE                ; Untyped                            ;
; ECC_PIPELINE_STAGE_ENABLED         ; FALSE                ; Untyped                            ;
; WIDTH_ECCSTATUS                    ; 3                    ; Signed Integer                     ;
; DEVICE_FAMILY                      ; MAX 10               ; Untyped                            ;
; CBXI_PARAMETER                     ; altsyncram_eko3      ; Untyped                            ;
+------------------------------------+----------------------+------------------------------------+
Note: In order to hide this table in the UI and the text report file, please set the "Show Parameter Settings in Synthesis Report" option in "Analysis and Synthesis Settings -> More Settings" to "Off".


+-----------------------------------------------------------------------------------------------+
; altsyncram Parameter Settings by Entity Instance                                              ;
+-------------------------------------------+---------------------------------------------------+
; Name                                      ; Value                                             ;
+-------------------------------------------+---------------------------------------------------+
; Number of entity instances                ; 1                                                 ;
; Entity Instance                           ; memory_1:mem_inst|altsyncram:altsyncram_component ;
;     -- OPERATION_MODE                     ; SINGLE_PORT                                       ;
;     -- WIDTH_A                            ; 32                                                ;
;     -- NUMWORDS_A                         ; 256                                               ;
;     -- OUTDATA_REG_A                      ; CLOCK0                                            ;
;     -- WIDTH_B                            ; 1                                                 ;
;     -- NUMWORDS_B                         ; 0                                                 ;
;     -- ADDRESS_REG_B                      ; CLOCK1                                            ;
;     -- OUTDATA_REG_B                      ; UNREGISTERED                                      ;
;     -- RAM_BLOCK_TYPE                     ; AUTO                                              ;
;     -- READ_DURING_WRITE_MODE_MIXED_PORTS ; DONT_CARE                                         ;
+-------------------------------------------+---------------------------------------------------+


+--------------------------------------------+
; Port Connectivity Checks: "alu:alu_inst"   ;
+----------+-------+----------+--------------+
; Port     ; Type  ; Severity ; Details      ;
+----------+-------+----------+--------------+
; b[31..3] ; Input ; Info     ; Stuck at GND ;
; b[1..0]  ; Input ; Info     ; Stuck at GND ;
; b[2]     ; Input ; Info     ; Stuck at VCC ;
+----------+-------+----------+--------------+


+-----------------------------------------------------+
; Post-Synthesis Netlist Statistics for Top Partition ;
+-----------------------+-----------------------------+
; Type                  ; Count                       ;
+-----------------------+-----------------------------+
; boundary_port         ; 163                         ;
; cycloneiii_ff         ; 30                          ;
;     CLR               ; 30                          ;
; cycloneiii_lcell_comb ; 32                          ;
;     arith             ; 29                          ;
;         2 data inputs ; 29                          ;
;     normal            ; 3                           ;
;         0 data inputs ; 2                           ;
;         1 data inputs ; 1                           ;
; cycloneiii_ram_block  ; 32                          ;
;                       ;                             ;
; Max LUT depth         ; 3.90                        ;
; Average LUT depth     ; 1.65                        ;
+-----------------------+-----------------------------+


+-------------------------------+
; Elapsed Time Per Partition    ;
+----------------+--------------+
; Partition Name ; Elapsed Time ;
+----------------+--------------+
; Top            ; 00:00:00     ;
+----------------+--------------+


+-------------------------------+
; Analysis & Synthesis Messages ;
+-------------------------------+
Info: *******************************************************************
Info: Running Quartus Prime Analysis & Synthesis
    Info: Version 21.1.1 Build 850 06/23/2022 SJ Lite Edition
    Info: Processing started: Fri Mar 14 08:12:45 2025
Info: Command: quartus_map --read_settings_files=on --write_settings_files=off Phase_1 -c Phase_1
Warning (18236): Number of processors has not been specified which may cause overloading on shared machines.  Set the global assignment NUM_PARALLEL_PROCESSORS in your QSF to an appropriate value for best performance.
Info (20030): Parallel compilation is enabled and will use 10 of the 10 processors detected
Info (12021): Found 2 design units, including 1 entities, in source file register_n.vhd
    Info (12022): Found design unit 1: register_N-behavioral File: F:/Tennesse_Tech_Course_Materials/ECE_4120_Fundamentals_Computer_Design/Projects/Phase_1/register_N.vhd Line: 20
    Info (12023): Found entity 1: register_N File: F:/Tennesse_Tech_Course_Materials/ECE_4120_Fundamentals_Computer_Design/Projects/Phase_1/register_N.vhd Line: 10
Info (12021): Found 2 design units, including 1 entities, in source file alu.vhd
    Info (12022): Found design unit 1: alu-behavioral File: F:/Tennesse_Tech_Course_Materials/ECE_4120_Fundamentals_Computer_Design/Projects/Phase_1/ALU.vhd Line: 18
    Info (12023): Found entity 1: alu File: F:/Tennesse_Tech_Course_Materials/ECE_4120_Fundamentals_Computer_Design/Projects/Phase_1/ALU.vhd Line: 10
Info (12021): Found 2 design units, including 1 entities, in source file phase_1.vhd
    Info (12022): Found design unit 1: Phase_1-structural File: F:/Tennesse_Tech_Course_Materials/ECE_4120_Fundamentals_Computer_Design/Projects/Phase_1/Phase_1.vhd Line: 23
    Info (12023): Found entity 1: Phase_1 File: F:/Tennesse_Tech_Course_Materials/ECE_4120_Fundamentals_Computer_Design/Projects/Phase_1/Phase_1.vhd Line: 9
Info (12021): Found 2 design units, including 1 entities, in source file pc.vhd
    Info (12022): Found design unit 1: PC-behavioral File: F:/Tennesse_Tech_Course_Materials/ECE_4120_Fundamentals_Computer_Design/Projects/Phase_1/PC.vhd Line: 19
    Info (12023): Found entity 1: PC File: F:/Tennesse_Tech_Course_Materials/ECE_4120_Fundamentals_Computer_Design/Projects/Phase_1/PC.vhd Line: 10
Info (12021): Found 2 design units, including 1 entities, in source file memory_1.vhd
    Info (12022): Found design unit 1: memory_1-SYN File: F:/Tennesse_Tech_Course_Materials/ECE_4120_Fundamentals_Computer_Design/Projects/Phase_1/memory_1.vhd Line: 55
    Info (12023): Found entity 1: memory_1 File: F:/Tennesse_Tech_Course_Materials/ECE_4120_Fundamentals_Computer_Design/Projects/Phase_1/memory_1.vhd Line: 43
Info (12021): Found 2 design units, including 1 entities, in source file phase_1_tb.vhd
    Info (12022): Found design unit 1: phase_1_tb-testbench File: F:/Tennesse_Tech_Course_Materials/ECE_4120_Fundamentals_Computer_Design/Projects/Phase_1/Phase_1_tb.vhd Line: 12
    Info (12023): Found entity 1: phase_1_tb File: F:/Tennesse_Tech_Course_Materials/ECE_4120_Fundamentals_Computer_Design/Projects/Phase_1/Phase_1_tb.vhd Line: 9
Info (12127): Elaborating entity "Phase_1" for the top level hierarchy
Info (12128): Elaborating entity "PC" for hierarchy "PC:pc_inst" File: F:/Tennesse_Tech_Course_Materials/ECE_4120_Fundamentals_Computer_Design/Projects/Phase_1/Phase_1.vhd Line: 64
Info (12128): Elaborating entity "memory_1" for hierarchy "memory_1:mem_inst" File: F:/Tennesse_Tech_Course_Materials/ECE_4120_Fundamentals_Computer_Design/Projects/Phase_1/Phase_1.vhd Line: 72
Info (12128): Elaborating entity "altsyncram" for hierarchy "memory_1:mem_inst|altsyncram:altsyncram_component" File: F:/Tennesse_Tech_Course_Materials/ECE_4120_Fundamentals_Computer_Design/Projects/Phase_1/memory_1.vhd Line: 62
Info (12130): Elaborated megafunction instantiation "memory_1:mem_inst|altsyncram:altsyncram_component" File: F:/Tennesse_Tech_Course_Materials/ECE_4120_Fundamentals_Computer_Design/Projects/Phase_1/memory_1.vhd Line: 62
Info (12133): Instantiated megafunction "memory_1:mem_inst|altsyncram:altsyncram_component" with the following parameter: File: F:/Tennesse_Tech_Course_Materials/ECE_4120_Fundamentals_Computer_Design/Projects/Phase_1/memory_1.vhd Line: 62
    Info (12134): Parameter "address_aclr_a" = "UNUSED"
    Info (12134): Parameter "address_aclr_b" = "NONE"
    Info (12134): Parameter "address_reg_b" = "CLOCK1"
    Info (12134): Parameter "byte_size" = "8"
    Info (12134): Parameter "byteena_aclr_a" = "UNUSED"
    Info (12134): Parameter "byteena_aclr_b" = "NONE"
    Info (12134): Parameter "byteena_reg_b" = "CLOCK1"
    Info (12134): Parameter "clock_enable_core_a" = "USE_INPUT_CLKEN"
    Info (12134): Parameter "clock_enable_core_b" = "USE_INPUT_CLKEN"
    Info (12134): Parameter "clock_enable_input_a" = "BYPASS"
    Info (12134): Parameter "clock_enable_input_b" = "NORMAL"
    Info (12134): Parameter "clock_enable_output_a" = "BYPASS"
    Info (12134): Parameter "clock_enable_output_b" = "NORMAL"
    Info (12134): Parameter "intended_device_family" = "MAX 10"
    Info (12134): Parameter "ecc_pipeline_stage_enabled" = "FALSE"
    Info (12134): Parameter "enable_ecc" = "FALSE"
    Info (12134): Parameter "implement_in_les" = "OFF"
    Info (12134): Parameter "indata_aclr_a" = "UNUSED"
    Info (12134): Parameter "indata_aclr_b" = "NONE"
    Info (12134): Parameter "indata_reg_b" = "CLOCK1"
    Info (12134): Parameter "init_file" = "UNUSED"
    Info (12134): Parameter "init_file_layout" = "PORT_A"
    Info (12134): Parameter "maximum_depth" = "0"
    Info (12134): Parameter "numwords_a" = "256"
    Info (12134): Parameter "numwords_b" = "0"
    Info (12134): Parameter "operation_mode" = "SINGLE_PORT"
    Info (12134): Parameter "outdata_aclr_a" = "NONE"
    Info (12134): Parameter "outdata_aclr_b" = "NONE"
    Info (12134): Parameter "outdata_reg_a" = "CLOCK0"
    Info (12134): Parameter "outdata_reg_b" = "UNREGISTERED"
    Info (12134): Parameter "power_up_uninitialized" = "FALSE"
    Info (12134): Parameter "ram_block_type" = "AUTO"
    Info (12134): Parameter "rdcontrol_aclr_b" = "NONE"
    Info (12134): Parameter "rdcontrol_reg_b" = "CLOCK1"
    Info (12134): Parameter "read_during_write_mode_mixed_ports" = "DONT_CARE"
    Info (12134): Parameter "read_during_write_mode_port_a" = "NEW_DATA_NO_NBE_READ"
    Info (12134): Parameter "read_during_write_mode_port_b" = "NEW_DATA_NO_NBE_READ"
    Info (12134): Parameter "stratixiv_m144k_allow_dual_clocks" = "ON"
    Info (12134): Parameter "width_a" = "32"
    Info (12134): Parameter "width_b" = "1"
    Info (12134): Parameter "width_byteena_a" = "1"
    Info (12134): Parameter "width_byteena_b" = "1"
    Info (12134): Parameter "width_eccstatus" = "3"
    Info (12134): Parameter "widthad_a" = "8"
    Info (12134): Parameter "widthad_b" = "1"
    Info (12134): Parameter "wrcontrol_aclr_a" = "UNUSED"
    Info (12134): Parameter "wrcontrol_aclr_b" = "NONE"
    Info (12134): Parameter "wrcontrol_wraddress_reg_b" = "CLOCK1"
    Info (12134): Parameter "lpm_hint" = "ENABLE_RUNTIME_MOD=NO"
    Info (12134): Parameter "lpm_type" = "altsyncram"
Info (12021): Found 1 design units, including 1 entities, in source file db/altsyncram_eko3.tdf
    Info (12023): Found entity 1: altsyncram_eko3 File: F:/Tennesse_Tech_Course_Materials/ECE_4120_Fundamentals_Computer_Design/Projects/Phase_1/db/altsyncram_eko3.tdf Line: 28
Info (12128): Elaborating entity "altsyncram_eko3" for hierarchy "memory_1:mem_inst|altsyncram:altsyncram_component|altsyncram_eko3:auto_generated" File: c:/intelfpga_lite/21.1/quartus/libraries/megafunctions/altsyncram.tdf Line: 792
Info (12128): Elaborating entity "alu" for hierarchy "alu:alu_inst" File: F:/Tennesse_Tech_Course_Materials/ECE_4120_Fundamentals_Computer_Design/Projects/Phase_1/Phase_1.vhd Line: 81
Warning (13024): Output pins are stuck at VCC or GND
    Warning (13410): Pin "PC_out[0]" is stuck at GND File: F:/Tennesse_Tech_Course_Materials/ECE_4120_Fundamentals_Computer_Design/Projects/Phase_1/Phase_1.vhd Line: 16
    Warning (13410): Pin "PC_out[1]" is stuck at GND File: F:/Tennesse_Tech_Course_Materials/ECE_4120_Fundamentals_Computer_Design/Projects/Phase_1/Phase_1.vhd Line: 16
    Warning (13410): Pin "alu_out[0]" is stuck at GND File: F:/Tennesse_Tech_Course_Materials/ECE_4120_Fundamentals_Computer_Design/Projects/Phase_1/Phase_1.vhd Line: 18
    Warning (13410): Pin "alu_out[1]" is stuck at GND File: F:/Tennesse_Tech_Course_Materials/ECE_4120_Fundamentals_Computer_Design/Projects/Phase_1/Phase_1.vhd Line: 18
    Warning (13410): Pin "alu_const_out[0]" is stuck at GND File: F:/Tennesse_Tech_Course_Materials/ECE_4120_Fundamentals_Computer_Design/Projects/Phase_1/Phase_1.vhd Line: 19
    Warning (13410): Pin "alu_const_out[1]" is stuck at GND File: F:/Tennesse_Tech_Course_Materials/ECE_4120_Fundamentals_Computer_Design/Projects/Phase_1/Phase_1.vhd Line: 19
    Warning (13410): Pin "alu_const_out[2]" is stuck at VCC File: F:/Tennesse_Tech_Course_Materials/ECE_4120_Fundamentals_Computer_Design/Projects/Phase_1/Phase_1.vhd Line: 19
    Warning (13410): Pin "alu_const_out[3]" is stuck at GND File: F:/Tennesse_Tech_Course_Materials/ECE_4120_Fundamentals_Computer_Design/Projects/Phase_1/Phase_1.vhd Line: 19
    Warning (13410): Pin "alu_const_out[4]" is stuck at GND File: F:/Tennesse_Tech_Course_Materials/ECE_4120_Fundamentals_Computer_Design/Projects/Phase_1/Phase_1.vhd Line: 19
    Warning (13410): Pin "alu_const_out[5]" is stuck at GND File: F:/Tennesse_Tech_Course_Materials/ECE_4120_Fundamentals_Computer_Design/Projects/Phase_1/Phase_1.vhd Line: 19
    Warning (13410): Pin "alu_const_out[6]" is stuck at GND File: F:/Tennesse_Tech_Course_Materials/ECE_4120_Fundamentals_Computer_Design/Projects/Phase_1/Phase_1.vhd Line: 19
    Warning (13410): Pin "alu_const_out[7]" is stuck at GND File: F:/Tennesse_Tech_Course_Materials/ECE_4120_Fundamentals_Computer_Design/Projects/Phase_1/Phase_1.vhd Line: 19
    Warning (13410): Pin "alu_const_out[8]" is stuck at GND File: F:/Tennesse_Tech_Course_Materials/ECE_4120_Fundamentals_Computer_Design/Projects/Phase_1/Phase_1.vhd Line: 19
    Warning (13410): Pin "alu_const_out[9]" is stuck at GND File: F:/Tennesse_Tech_Course_Materials/ECE_4120_Fundamentals_Computer_Design/Projects/Phase_1/Phase_1.vhd Line: 19
    Warning (13410): Pin "alu_const_out[10]" is stuck at GND File: F:/Tennesse_Tech_Course_Materials/ECE_4120_Fundamentals_Computer_Design/Projects/Phase_1/Phase_1.vhd Line: 19
    Warning (13410): Pin "alu_const_out[11]" is stuck at GND File: F:/Tennesse_Tech_Course_Materials/ECE_4120_Fundamentals_Computer_Design/Projects/Phase_1/Phase_1.vhd Line: 19
    Warning (13410): Pin "alu_const_out[12]" is stuck at GND File: F:/Tennesse_Tech_Course_Materials/ECE_4120_Fundamentals_Computer_Design/Projects/Phase_1/Phase_1.vhd Line: 19
    Warning (13410): Pin "alu_const_out[13]" is stuck at GND File: F:/Tennesse_Tech_Course_Materials/ECE_4120_Fundamentals_Computer_Design/Projects/Phase_1/Phase_1.vhd Line: 19
    Warning (13410): Pin "alu_const_out[14]" is stuck at GND File: F:/Tennesse_Tech_Course_Materials/ECE_4120_Fundamentals_Computer_Design/Projects/Phase_1/Phase_1.vhd Line: 19
    Warning (13410): Pin "alu_const_out[15]" is stuck at GND File: F:/Tennesse_Tech_Course_Materials/ECE_4120_Fundamentals_Computer_Design/Projects/Phase_1/Phase_1.vhd Line: 19
    Warning (13410): Pin "alu_const_out[16]" is stuck at GND File: F:/Tennesse_Tech_Course_Materials/ECE_4120_Fundamentals_Computer_Design/Projects/Phase_1/Phase_1.vhd Line: 19
    Warning (13410): Pin "alu_const_out[17]" is stuck at GND File: F:/Tennesse_Tech_Course_Materials/ECE_4120_Fundamentals_Computer_Design/Projects/Phase_1/Phase_1.vhd Line: 19
    Warning (13410): Pin "alu_const_out[18]" is stuck at GND File: F:/Tennesse_Tech_Course_Materials/ECE_4120_Fundamentals_Computer_Design/Projects/Phase_1/Phase_1.vhd Line: 19
    Warning (13410): Pin "alu_const_out[19]" is stuck at GND File: F:/Tennesse_Tech_Course_Materials/ECE_4120_Fundamentals_Computer_Design/Projects/Phase_1/Phase_1.vhd Line: 19
    Warning (13410): Pin "alu_const_out[20]" is stuck at GND File: F:/Tennesse_Tech_Course_Materials/ECE_4120_Fundamentals_Computer_Design/Projects/Phase_1/Phase_1.vhd Line: 19
    Warning (13410): Pin "alu_const_out[21]" is stuck at GND File: F:/Tennesse_Tech_Course_Materials/ECE_4120_Fundamentals_Computer_Design/Projects/Phase_1/Phase_1.vhd Line: 19
    Warning (13410): Pin "alu_const_out[22]" is stuck at GND File: F:/Tennesse_Tech_Course_Materials/ECE_4120_Fundamentals_Computer_Design/Projects/Phase_1/Phase_1.vhd Line: 19
    Warning (13410): Pin "alu_const_out[23]" is stuck at GND File: F:/Tennesse_Tech_Course_Materials/ECE_4120_Fundamentals_Computer_Design/Projects/Phase_1/Phase_1.vhd Line: 19
    Warning (13410): Pin "alu_const_out[24]" is stuck at GND File: F:/Tennesse_Tech_Course_Materials/ECE_4120_Fundamentals_Computer_Design/Projects/Phase_1/Phase_1.vhd Line: 19
    Warning (13410): Pin "alu_const_out[25]" is stuck at GND File: F:/Tennesse_Tech_Course_Materials/ECE_4120_Fundamentals_Computer_Design/Projects/Phase_1/Phase_1.vhd Line: 19
    Warning (13410): Pin "alu_const_out[26]" is stuck at GND File: F:/Tennesse_Tech_Course_Materials/ECE_4120_Fundamentals_Computer_Design/Projects/Phase_1/Phase_1.vhd Line: 19
    Warning (13410): Pin "alu_const_out[27]" is stuck at GND File: F:/Tennesse_Tech_Course_Materials/ECE_4120_Fundamentals_Computer_Design/Projects/Phase_1/Phase_1.vhd Line: 19
    Warning (13410): Pin "alu_const_out[28]" is stuck at GND File: F:/Tennesse_Tech_Course_Materials/ECE_4120_Fundamentals_Computer_Design/Projects/Phase_1/Phase_1.vhd Line: 19
    Warning (13410): Pin "alu_const_out[29]" is stuck at GND File: F:/Tennesse_Tech_Course_Materials/ECE_4120_Fundamentals_Computer_Design/Projects/Phase_1/Phase_1.vhd Line: 19
    Warning (13410): Pin "alu_const_out[30]" is stuck at GND File: F:/Tennesse_Tech_Course_Materials/ECE_4120_Fundamentals_Computer_Design/Projects/Phase_1/Phase_1.vhd Line: 19
    Warning (13410): Pin "alu_const_out[31]" is stuck at GND File: F:/Tennesse_Tech_Course_Materials/ECE_4120_Fundamentals_Computer_Design/Projects/Phase_1/Phase_1.vhd Line: 19
Info (286030): Timing-Driven Synthesis is running
Info (16010): Generating hard_block partition "hard_block:auto_generated_inst"
    Info (16011): Adding 0 node(s), including 0 DDIO, 0 PLL, 0 transceiver and 0 LCELL
Info (21057): Implemented 256 device resources after synthesis - the final resource count might be different
    Info (21058): Implemented 35 input pins
    Info (21059): Implemented 128 output pins
    Info (21061): Implemented 61 logic cells
    Info (21064): Implemented 32 RAM segments
Info: Quartus Prime Analysis & Synthesis was successful. 0 errors, 38 warnings
    Info: Peak virtual memory: 4900 megabytes
    Info: Processing ended: Fri Mar 14 08:12:55 2025
    Info: Elapsed time: 00:00:10
    Info: Total CPU time (on all processors): 00:00:06


